Plugin s3.TUP v0.26.2 - Aktualisierung Bibliothek Log - 2025-05-07 17:53:56
================================================================================
Befehlszeilen zum Erstellen von (5/7) vuplus4k_armv7a: Bibliothek libdvbcsa 1.1.0-128-neon:
================================================================================
cd /tmp/lib_source/2025-05-07.175107/libdvbcsa-master/;
export TOOLCHAIN=/opt/s3_ncam_bonecrew_test/support/toolchains/vuplus4k_armv7a;
export PATH="$TOOLCHAIN/bin:$PATH";
[ -n "" ] && export CFLAGS="";
export CC=/opt/s3_ncam_bonecrew_test/support/toolchains/vuplus4k_armv7a/bin/armv7a-vuplus4k-linux-gnueabihf-gcc;
[ "ct-ng" == "android-ndk" ] && export ANDROID_NDK="/opt/s3_ncam_bonecrew_test/support/toolchains/vuplus4k_armv7a";
./bootstrap;
[[ "/opt/s3_ncam_bonecrew_test/support/toolchains/vuplus4k_armv7a/bin/armv7a-vuplus4k-linux-gnueabihf-gcc" =~ "csky" ]] && echo "Patch: Add csky arch to config ..." && curl --silent $(decode "aHR0cHM6Ly9zaW1wbGVidWlsZC5kZWR5bi5pby9wYXRjaGVzL2d4YXBpL2xpYi1hZGQtY3NreS1jb25maWcucGF0Y2gK") | git apply -v;
./configure --prefix=/opt/s3_ncam_bonecrew_test/support/toolchains/vuplus4k_armv7a/armv7a-vuplus4k-linux-gnueabihf/sysroot/usr --host=armv7a-vuplus4k-linux-gnueabihf --enable-neon;
make -j12;
make install;
[ $? -eq 0 ] && mkdir -p "/opt/s3_ncam_bonecrew_test/support/toolchains/vuplus4k_armv7a/armv7a-vuplus4k-linux-gnueabihf/sysroot/usr/lib/pkgconfig" && echo -e "prefix=/opt/s3_ncam_bonecrew_test/support/toolchains/vuplus4k_armv7a/armv7a-vuplus4k-linux-gnueabihf/sysroot/usr
exec_prefix=\${prefix}
libdir=\${exec_prefix}/lib
includedir=\${prefix}/include

Name: libdvbcsa
Description: libdvbcsa is a free and portable implementation of the DVB Common Scrambling algorithm with decryption and encryption capabilities
Version: 1.1.0-128-neon
Cflags: -I\${includedir}" > "/opt/s3_ncam_bonecrew_test/support/toolchains/vuplus4k_armv7a/armv7a-vuplus4k-linux-gnueabihf/sysroot/usr/lib/pkgconfig/libdvbcsa.pc";
rm -f "/opt/s3_ncam_bonecrew_test/support/toolchains/vuplus4k_armv7a/armv7a-vuplus4k-linux-gnueabihf/sysroot/usr/lib/${LIB_DVBCSA_name}.so.1.1.0-"*;
[ "ct-ng" == "android-ndk" ] && find "/opt/s3_ncam_bonecrew_test/support/toolchains/vuplus4k_armv7a/armv7a-vuplus4k-linux-gnueabihf/sysroot/usr/lib/" -maxdepth 1 \( -name "libdvbcsa.*" \) -execdir ln -frs "/opt/s3_ncam_bonecrew_test/support/toolchains/vuplus4k_armv7a/armv7a-vuplus4k-linux-gnueabihf/sysroot/usr/lib/{}" "/opt/s3_ncam_bonecrew_test/support/toolchains/vuplus4k_armv7a/armv7a-vuplus4k-linux-gnueabihf/sysroot/usr/lib/armv7a-vuplus4k-linux-gnueabihf//{}" \; || true;
mkdir "${LIB_DVBCSA_name}-1.1.0-128-neon" && find "/opt/s3_ncam_bonecrew_test/support/toolchains/vuplus4k_armv7a/armv7a-vuplus4k-linux-gnueabihf/sysroot/usr" -maxdepth 2 -name "libdvbcsa.so*" -exec cp -af "{}" "${LIB_DVBCSA_name}-1.1.0-128-neon" \; && zip -9yr "$bdir/${TOOLCHAIN##*/}-libs.zip" "${LIB_DVBCSA_name}-1.1.0-128-neon";
================================================================================
+ test yes = yes
+ libtoolize --copy --force
libtoolize: putting auxiliary files in '.'.
libtoolize: copying file './ltmain.sh'
libtoolize: putting macros in AC_CONFIG_MACRO_DIRS, 'm4'.
libtoolize: copying file 'm4/libtool.m4'
libtoolize: copying file 'm4/ltoptions.m4'
libtoolize: copying file 'm4/ltsugar.m4'
libtoolize: copying file 'm4/ltversion.m4'
libtoolize: copying file 'm4/lt~obsolete.m4'
+ test -n  -a !  = . -a -f ltmain.sh
+ aclocal -I m4
+ autoconf
configure.ac:8: warning: The macro `AC_HELP_STRING' is obsolete.
configure.ac:8: You should run autoupdate.
./lib/autoconf/general.m4:204: AC_HELP_STRING is expanded from...
configure.ac:8: the top level
configure.ac:18: warning: The macro `AC_HELP_STRING' is obsolete.
configure.ac:18: You should run autoupdate.
./lib/autoconf/general.m4:204: AC_HELP_STRING is expanded from...
configure.ac:18: the top level
configure.ac:19: warning: The macro `AC_HELP_STRING' is obsolete.
configure.ac:19: You should run autoupdate.
./lib/autoconf/general.m4:204: AC_HELP_STRING is expanded from...
configure.ac:19: the top level
configure.ac:20: warning: The macro `AC_HELP_STRING' is obsolete.
configure.ac:20: You should run autoupdate.
./lib/autoconf/general.m4:204: AC_HELP_STRING is expanded from...
configure.ac:20: the top level
configure.ac:21: warning: The macro `AC_HELP_STRING' is obsolete.
configure.ac:21: You should run autoupdate.
./lib/autoconf/general.m4:204: AC_HELP_STRING is expanded from...
configure.ac:21: the top level
configure.ac:22: warning: The macro `AC_HELP_STRING' is obsolete.
configure.ac:22: You should run autoupdate.
./lib/autoconf/general.m4:204: AC_HELP_STRING is expanded from...
configure.ac:22: the top level
configure.ac:23: warning: The macro `AC_HELP_STRING' is obsolete.
configure.ac:23: You should run autoupdate.
./lib/autoconf/general.m4:204: AC_HELP_STRING is expanded from...
configure.ac:23: the top level
configure.ac:24: warning: The macro `AC_HELP_STRING' is obsolete.
configure.ac:24: You should run autoupdate.
./lib/autoconf/general.m4:204: AC_HELP_STRING is expanded from...
configure.ac:24: the top level
configure.ac:25: warning: The macro `AC_HELP_STRING' is obsolete.
configure.ac:25: You should run autoupdate.
./lib/autoconf/general.m4:204: AC_HELP_STRING is expanded from...
configure.ac:25: the top level
configure.ac:26: warning: The macro `AC_HELP_STRING' is obsolete.
configure.ac:26: You should run autoupdate.
./lib/autoconf/general.m4:204: AC_HELP_STRING is expanded from...
configure.ac:26: the top level
configure.ac:33: warning: The macro `AM_PROG_LIBTOOL' is obsolete.
configure.ac:33: You should run autoupdate.
m4/libtool.m4:101: AM_PROG_LIBTOOL is expanded from...
configure.ac:33: the top level
configure.ac:37: warning: The macro `AC_STDC_HEADERS' is obsolete.
configure.ac:37: You should run autoupdate.
./lib/autoconf/oldnames.m4:75: AC_STDC_HEADERS is expanded from...
configure.ac:37: the top level
configure.ac:37: warning: The macro `AC_HEADER_STDC' is obsolete.
configure.ac:37: You should run autoupdate.
./lib/autoconf/headers.m4:704: AC_HEADER_STDC is expanded from...
./lib/autoconf/oldnames.m4:75: AC_STDC_HEADERS is expanded from...
configure.ac:37: the top level
configure.ac:145: warning: The macro `AC_TRY_LINK' is obsolete.
configure.ac:145: You should run autoupdate.
./lib/autoconf/general.m4:2920: AC_TRY_LINK is expanded from...
configure.ac:145: the top level
configure.ac:153: warning: AC_OUTPUT should be used without arguments.
configure.ac:153: You should run autoupdate.
+ test yes = yes
+ autoheader
+ automake --foreign --add-missing --copy
configure.ac:31: installing './compile'
configure.ac:4: installing './config.guess'
configure.ac:4: installing './config.sub'
configure.ac:28: installing './install-sh'
configure.ac:28: installing './missing'
src/Makefile.am: installing './depcomp'
parallel-tests: installing './test-driver'
+ rm -Rf autom4te.cache
checking build system type... x86_64-pc-linux-gnu
checking host system type... armv7a-vuplus4k-linux-gnueabihf
checking for a BSD-compatible install... /usr/bin/install -c
checking whether build environment is sane... yes
checking for armv7a-vuplus4k-linux-gnueabihf-strip... armv7a-vuplus4k-linux-gnueabihf-strip
checking for a race-free mkdir -p... /usr/bin/mkdir -p
checking for gawk... gawk
checking whether make sets $(MAKE)... yes
checking whether make supports nested variables... yes
checking for armv7a-vuplus4k-linux-gnueabihf-gcc... /opt/s3_ncam_bonecrew_test/support/toolchains/vuplus4k_armv7a/bin/armv7a-vuplus4k-linux-gnueabihf-gcc
checking whether the C compiler works... yes
checking for C compiler default output file name... a.out
checking for suffix of executables... 
checking whether we are cross compiling... yes
checking for suffix of object files... o
checking whether the compiler supports GNU C... yes
checking whether /opt/s3_ncam_bonecrew_test/support/toolchains/vuplus4k_armv7a/bin/armv7a-vuplus4k-linux-gnueabihf-gcc accepts -g... yes
checking for /opt/s3_ncam_bonecrew_test/support/toolchains/vuplus4k_armv7a/bin/armv7a-vuplus4k-linux-gnueabihf-gcc option to enable C11 features... none needed
checking whether /opt/s3_ncam_bonecrew_test/support/toolchains/vuplus4k_armv7a/bin/armv7a-vuplus4k-linux-gnueabihf-gcc understands -c and -o together... yes
checking whether make supports the include directive... yes (GNU style)
checking dependency style of /opt/s3_ncam_bonecrew_test/support/toolchains/vuplus4k_armv7a/bin/armv7a-vuplus4k-linux-gnueabihf-gcc... gcc3
checking how to print strings... printf
checking for a sed that does not truncate output... /usr/bin/sed
checking for grep that handles long lines and -e... /usr/bin/grep
checking for egrep... /usr/bin/grep -E
checking for fgrep... /usr/bin/grep -F
checking for ld used by /opt/s3_ncam_bonecrew_test/support/toolchains/vuplus4k_armv7a/bin/armv7a-vuplus4k-linux-gnueabihf-gcc... /opt/s3_ncam_bonecrew_test/support/toolchains/vuplus4k_armv7a/armv7a-vuplus4k-linux-gnueabihf/bin/ld
checking if the linker (/opt/s3_ncam_bonecrew_test/support/toolchains/vuplus4k_armv7a/armv7a-vuplus4k-linux-gnueabihf/bin/ld) is GNU ld... yes
checking for BSD- or MS-compatible name lister (nm)... /opt/s3_ncam_bonecrew_test/support/toolchains/vuplus4k_armv7a/bin/armv7a-vuplus4k-linux-gnueabihf-nm -B
checking the name lister (/opt/s3_ncam_bonecrew_test/support/toolchains/vuplus4k_armv7a/bin/armv7a-vuplus4k-linux-gnueabihf-nm -B) interface... BSD nm
checking whether ln -s works... yes
checking the maximum length of command line arguments... 1572864
checking how to convert x86_64-pc-linux-gnu file names to armv7a-vuplus4k-linux-gnueabihf format... func_convert_file_noop
checking how to convert x86_64-pc-linux-gnu file names to toolchain format... func_convert_file_noop
checking for /opt/s3_ncam_bonecrew_test/support/toolchains/vuplus4k_armv7a/armv7a-vuplus4k-linux-gnueabihf/bin/ld option to reload object files... -r
checking for armv7a-vuplus4k-linux-gnueabihf-file... no
checking for file... file
configure: WARNING: using cross tools not prefixed with host triplet
checking for armv7a-vuplus4k-linux-gnueabihf-objdump... armv7a-vuplus4k-linux-gnueabihf-objdump
checking how to recognize dependent libraries... pass_all
checking for armv7a-vuplus4k-linux-gnueabihf-dlltool... no
checking for dlltool... no
checking how to associate runtime and link libraries... printf %s\n
checking for armv7a-vuplus4k-linux-gnueabihf-ar... armv7a-vuplus4k-linux-gnueabihf-ar
checking for archiver @FILE support... @
checking for armv7a-vuplus4k-linux-gnueabihf-strip... (cached) armv7a-vuplus4k-linux-gnueabihf-strip
checking for armv7a-vuplus4k-linux-gnueabihf-ranlib... armv7a-vuplus4k-linux-gnueabihf-ranlib
checking command to parse /opt/s3_ncam_bonecrew_test/support/toolchains/vuplus4k_armv7a/bin/armv7a-vuplus4k-linux-gnueabihf-nm -B output from /opt/s3_ncam_bonecrew_test/support/toolchains/vuplus4k_armv7a/bin/armv7a-vuplus4k-linux-gnueabihf-gcc object... ok
checking for sysroot... no
checking for a working dd... /usr/bin/dd
checking how to truncate binary pipes... /usr/bin/dd bs=4096 count=1
checking for armv7a-vuplus4k-linux-gnueabihf-mt... no
checking for mt... mt
checking if mt is a manifest tool... no
checking for stdio.h... yes
checking for stdlib.h... yes
checking for string.h... yes
checking for inttypes.h... yes
checking for stdint.h... yes
checking for strings.h... yes
checking for sys/stat.h... yes
checking for sys/types.h... yes
checking for unistd.h... yes
checking for dlfcn.h... yes
checking for objdir... .libs
checking if /opt/s3_ncam_bonecrew_test/support/toolchains/vuplus4k_armv7a/bin/armv7a-vuplus4k-linux-gnueabihf-gcc supports -fno-rtti -fno-exceptions... no
checking for /opt/s3_ncam_bonecrew_test/support/toolchains/vuplus4k_armv7a/bin/armv7a-vuplus4k-linux-gnueabihf-gcc option to produce PIC... -fPIC -DPIC
checking if /opt/s3_ncam_bonecrew_test/support/toolchains/vuplus4k_armv7a/bin/armv7a-vuplus4k-linux-gnueabihf-gcc PIC flag -fPIC -DPIC works... yes
checking if /opt/s3_ncam_bonecrew_test/support/toolchains/vuplus4k_armv7a/bin/armv7a-vuplus4k-linux-gnueabihf-gcc static flag -static works... yes
checking if /opt/s3_ncam_bonecrew_test/support/toolchains/vuplus4k_armv7a/bin/armv7a-vuplus4k-linux-gnueabihf-gcc supports -c -o file.o... yes
checking if /opt/s3_ncam_bonecrew_test/support/toolchains/vuplus4k_armv7a/bin/armv7a-vuplus4k-linux-gnueabihf-gcc supports -c -o file.o... (cached) yes
checking whether the /opt/s3_ncam_bonecrew_test/support/toolchains/vuplus4k_armv7a/bin/armv7a-vuplus4k-linux-gnueabihf-gcc linker (/opt/s3_ncam_bonecrew_test/support/toolchains/vuplus4k_armv7a/armv7a-vuplus4k-linux-gnueabihf/bin/ld) supports shared libraries... yes
checking whether -lc should be explicitly linked in... no
checking dynamic linker characteristics... GNU/Linux ld.so
checking how to hardcode library paths into programs... immediate
checking whether stripping libraries is possible... yes
checking if libtool supports shared libraries... yes
checking whether to build shared libraries... yes
checking whether to build static libraries... yes
checking for egrep... (cached) /usr/bin/grep -E
checking for assert.h... yes
checking for an ANSI C-conforming const... yes
checking for inline... inline
checking size of long... 4
checking whether byte ordering is bigendian... no
checking whether __attribute__((may_alias)) is available for types... yes
checking whether C compiler accepts -O3... yes
checking whether C compiler accepts -funroll-loops... yes
checking whether C compiler accepts -fomit-frame-pointer... yes
checking whether C compiler accepts -fno-tree-vectorize... yes
checking for posix_memalign... yes
checking _mm_malloc availability... no
checking that generated files are newer than configure... done
configure: creating ./config.status
config.status: creating Makefile
config.status: creating src/Makefile
config.status: creating src/dvbcsa/Makefile
config.status: creating test/Makefile
config.status: creating config.h
config.status: executing depfiles commands
config.status: executing libtool commands
make  all-recursive
make[1]: Verzeichnis „/tmp/lib_source/2025-05-07.175107/libdvbcsa-master“ wird betreten
Making all in src
make[2]: Verzeichnis „/tmp/lib_source/2025-05-07.175107/libdvbcsa-master/src“ wird betreten
Making all in dvbcsa
make[3]: Verzeichnis „/tmp/lib_source/2025-05-07.175107/libdvbcsa-master/src/dvbcsa“ wird betreten
make[3]: Für das Ziel „all“ ist nichts zu tun.
make[3]: Verzeichnis „/tmp/lib_source/2025-05-07.175107/libdvbcsa-master/src/dvbcsa“ wird verlassen
make[3]: Verzeichnis „/tmp/lib_source/2025-05-07.175107/libdvbcsa-master/src“ wird betreten
/bin/bash ../libtool  --tag=CC   --mode=compile /opt/s3_ncam_bonecrew_test/support/toolchains/vuplus4k_armv7a/bin/armv7a-vuplus4k-linux-gnueabihf-gcc -DHAVE_CONFIG_H -I. -I..     -Wall  -D_XOPEN_SOURCE=600 -mfpu=neon -O3 -funroll-loops -fomit-frame-pointer -fno-tree-vectorize -MT dvbcsa_algo.lo -MD -MP -MF .deps/dvbcsa_algo.Tpo -c -o dvbcsa_algo.lo dvbcsa_algo.c
/bin/bash ../libtool  --tag=CC   --mode=compile /opt/s3_ncam_bonecrew_test/support/toolchains/vuplus4k_armv7a/bin/armv7a-vuplus4k-linux-gnueabihf-gcc -DHAVE_CONFIG_H -I. -I..     -Wall  -D_XOPEN_SOURCE=600 -mfpu=neon -O3 -funroll-loops -fomit-frame-pointer -fno-tree-vectorize -MT dvbcsa_block.lo -MD -MP -MF .deps/dvbcsa_block.Tpo -c -o dvbcsa_block.lo dvbcsa_block.c
/bin/bash ../libtool  --tag=CC   --mode=compile /opt/s3_ncam_bonecrew_test/support/toolchains/vuplus4k_armv7a/bin/armv7a-vuplus4k-linux-gnueabihf-gcc -DHAVE_CONFIG_H -I. -I..     -Wall  -D_XOPEN_SOURCE=600 -mfpu=neon -O3 -funroll-loops -fomit-frame-pointer -fno-tree-vectorize -MT dvbcsa_stream.lo -MD -MP -MF .deps/dvbcsa_stream.Tpo -c -o dvbcsa_stream.lo dvbcsa_stream.c
/bin/bash ../libtool  --tag=CC   --mode=compile /opt/s3_ncam_bonecrew_test/support/toolchains/vuplus4k_armv7a/bin/armv7a-vuplus4k-linux-gnueabihf-gcc -DHAVE_CONFIG_H -I. -I..     -Wall  -D_XOPEN_SOURCE=600 -mfpu=neon -O3 -funroll-loops -fomit-frame-pointer -fno-tree-vectorize -MT dvbcsa_key.lo -MD -MP -MF .deps/dvbcsa_key.Tpo -c -o dvbcsa_key.lo dvbcsa_key.c
/bin/bash ../libtool  --tag=CC   --mode=compile /opt/s3_ncam_bonecrew_test/support/toolchains/vuplus4k_armv7a/bin/armv7a-vuplus4k-linux-gnueabihf-gcc -DHAVE_CONFIG_H -I. -I..     -Wall  -D_XOPEN_SOURCE=600 -mfpu=neon -O3 -funroll-loops -fomit-frame-pointer -fno-tree-vectorize -MT dvbcsa_bs_algo.lo -MD -MP -MF .deps/dvbcsa_bs_algo.Tpo -c -o dvbcsa_bs_algo.lo dvbcsa_bs_algo.c
/bin/bash ../libtool  --tag=CC   --mode=compile /opt/s3_ncam_bonecrew_test/support/toolchains/vuplus4k_armv7a/bin/armv7a-vuplus4k-linux-gnueabihf-gcc -DHAVE_CONFIG_H -I. -I..     -Wall  -D_XOPEN_SOURCE=600 -mfpu=neon -O3 -funroll-loops -fomit-frame-pointer -fno-tree-vectorize -MT dvbcsa_bs_block.lo -MD -MP -MF .deps/dvbcsa_bs_block.Tpo -c -o dvbcsa_bs_block.lo dvbcsa_bs_block.c
/bin/bash ../libtool  --tag=CC   --mode=compile /opt/s3_ncam_bonecrew_test/support/toolchains/vuplus4k_armv7a/bin/armv7a-vuplus4k-linux-gnueabihf-gcc -DHAVE_CONFIG_H -I. -I..     -Wall  -D_XOPEN_SOURCE=600 -mfpu=neon -O3 -funroll-loops -fomit-frame-pointer -fno-tree-vectorize -MT dvbcsa_bs_stream.lo -MD -MP -MF .deps/dvbcsa_bs_stream.Tpo -c -o dvbcsa_bs_stream.lo dvbcsa_bs_stream.c
/bin/bash ../libtool  --tag=CC   --mode=compile /opt/s3_ncam_bonecrew_test/support/toolchains/vuplus4k_armv7a/bin/armv7a-vuplus4k-linux-gnueabihf-gcc -DHAVE_CONFIG_H -I. -I..     -Wall  -D_XOPEN_SOURCE=600 -mfpu=neon -O3 -funroll-loops -fomit-frame-pointer -fno-tree-vectorize -MT dvbcsa_bs_key.lo -MD -MP -MF .deps/dvbcsa_bs_key.Tpo -c -o dvbcsa_bs_key.lo dvbcsa_bs_key.c
/bin/bash ../libtool  --tag=CC   --mode=compile /opt/s3_ncam_bonecrew_test/support/toolchains/vuplus4k_armv7a/bin/armv7a-vuplus4k-linux-gnueabihf-gcc -DHAVE_CONFIG_H -I. -I..     -Wall  -D_XOPEN_SOURCE=600 -mfpu=neon -O3 -funroll-loops -fomit-frame-pointer -fno-tree-vectorize -MT dvbcsa_bs_transpose_block.lo -MD -MP -MF .deps/dvbcsa_bs_transpose_block.Tpo -c -o dvbcsa_bs_transpose_block.lo dvbcsa_bs_transpose_block.c
/bin/bash ../libtool  --tag=CC   --mode=compile /opt/s3_ncam_bonecrew_test/support/toolchains/vuplus4k_armv7a/bin/armv7a-vuplus4k-linux-gnueabihf-gcc -DHAVE_CONFIG_H -I. -I..     -Wall  -D_XOPEN_SOURCE=600 -mfpu=neon -O3 -funroll-loops -fomit-frame-pointer -fno-tree-vectorize -MT dvbcsa_bs_transpose_stream.lo -MD -MP -MF .deps/dvbcsa_bs_transpose_stream.Tpo -c -o dvbcsa_bs_transpose_stream.lo dvbcsa_bs_transpose_stream.c
libtool: compile:  /opt/s3_ncam_bonecrew_test/support/toolchains/vuplus4k_armv7a/bin/armv7a-vuplus4k-linux-gnueabihf-gcc -DHAVE_CONFIG_H -I. -I.. -Wall -D_XOPEN_SOURCE=600 -mfpu=neon -O3 -funroll-loops -fomit-frame-pointer -fno-tree-vectorize -MT dvbcsa_algo.lo -MD -MP -MF .deps/dvbcsa_algo.Tpo -c dvbcsa_algo.c  -fPIC -DPIC -o .libs/dvbcsa_algo.o
libtool: compile:  /opt/s3_ncam_bonecrew_test/support/toolchains/vuplus4k_armv7a/bin/armv7a-vuplus4k-linux-gnueabihf-gcc -DHAVE_CONFIG_H -I. -I.. -Wall -D_XOPEN_SOURCE=600 -mfpu=neon -O3 -funroll-loops -fomit-frame-pointer -fno-tree-vectorize -MT dvbcsa_block.lo -MD -MP -MF .deps/dvbcsa_block.Tpo -c dvbcsa_block.c  -fPIC -DPIC -o .libs/dvbcsa_block.o
libtool: compile:  /opt/s3_ncam_bonecrew_test/support/toolchains/vuplus4k_armv7a/bin/armv7a-vuplus4k-linux-gnueabihf-gcc -DHAVE_CONFIG_H -I. -I.. -Wall -D_XOPEN_SOURCE=600 -mfpu=neon -O3 -funroll-loops -fomit-frame-pointer -fno-tree-vectorize -MT dvbcsa_bs_transpose_block.lo -MD -MP -MF .deps/dvbcsa_bs_transpose_block.Tpo -c dvbcsa_bs_transpose_block.c  -fPIC -DPIC -o .libs/dvbcsa_bs_transpose_block.o
libtool: compile:  /opt/s3_ncam_bonecrew_test/support/toolchains/vuplus4k_armv7a/bin/armv7a-vuplus4k-linux-gnueabihf-gcc -DHAVE_CONFIG_H -I. -I.. -Wall -D_XOPEN_SOURCE=600 -mfpu=neon -O3 -funroll-loops -fomit-frame-pointer -fno-tree-vectorize -MT dvbcsa_bs_stream.lo -MD -MP -MF .deps/dvbcsa_bs_stream.Tpo -c dvbcsa_bs_stream.c  -fPIC -DPIC -o .libs/dvbcsa_bs_stream.o
libtool: compile:  /opt/s3_ncam_bonecrew_test/support/toolchains/vuplus4k_armv7a/bin/armv7a-vuplus4k-linux-gnueabihf-gcc -DHAVE_CONFIG_H -I. -I.. -Wall -D_XOPEN_SOURCE=600 -mfpu=neon -O3 -funroll-loops -fomit-frame-pointer -fno-tree-vectorize -MT dvbcsa_bs_key.lo -MD -MP -MF .deps/dvbcsa_bs_key.Tpo -c dvbcsa_bs_key.c  -fPIC -DPIC -o .libs/dvbcsa_bs_key.o
libtool: compile:  /opt/s3_ncam_bonecrew_test/support/toolchains/vuplus4k_armv7a/bin/armv7a-vuplus4k-linux-gnueabihf-gcc -DHAVE_CONFIG_H -I. -I.. -Wall -D_XOPEN_SOURCE=600 -mfpu=neon -O3 -funroll-loops -fomit-frame-pointer -fno-tree-vectorize -MT dvbcsa_bs_block.lo -MD -MP -MF .deps/dvbcsa_bs_block.Tpo -c dvbcsa_bs_block.c  -fPIC -DPIC -o .libs/dvbcsa_bs_block.o
libtool: compile:  /opt/s3_ncam_bonecrew_test/support/toolchains/vuplus4k_armv7a/bin/armv7a-vuplus4k-linux-gnueabihf-gcc -DHAVE_CONFIG_H -I. -I.. -Wall -D_XOPEN_SOURCE=600 -mfpu=neon -O3 -funroll-loops -fomit-frame-pointer -fno-tree-vectorize -MT dvbcsa_stream.lo -MD -MP -MF .deps/dvbcsa_stream.Tpo -c dvbcsa_stream.c  -fPIC -DPIC -o .libs/dvbcsa_stream.o
libtool: compile:  /opt/s3_ncam_bonecrew_test/support/toolchains/vuplus4k_armv7a/bin/armv7a-vuplus4k-linux-gnueabihf-gcc -DHAVE_CONFIG_H -I. -I.. -Wall -D_XOPEN_SOURCE=600 -mfpu=neon -O3 -funroll-loops -fomit-frame-pointer -fno-tree-vectorize -MT dvbcsa_key.lo -MD -MP -MF .deps/dvbcsa_key.Tpo -c dvbcsa_key.c  -fPIC -DPIC -o .libs/dvbcsa_key.o
libtool: compile:  /opt/s3_ncam_bonecrew_test/support/toolchains/vuplus4k_armv7a/bin/armv7a-vuplus4k-linux-gnueabihf-gcc -DHAVE_CONFIG_H -I. -I.. -Wall -D_XOPEN_SOURCE=600 -mfpu=neon -O3 -funroll-loops -fomit-frame-pointer -fno-tree-vectorize -MT dvbcsa_bs_algo.lo -MD -MP -MF .deps/dvbcsa_bs_algo.Tpo -c dvbcsa_bs_algo.c  -fPIC -DPIC -o .libs/dvbcsa_bs_algo.o
libtool: compile:  /opt/s3_ncam_bonecrew_test/support/toolchains/vuplus4k_armv7a/bin/armv7a-vuplus4k-linux-gnueabihf-gcc -DHAVE_CONFIG_H -I. -I.. -Wall -D_XOPEN_SOURCE=600 -mfpu=neon -O3 -funroll-loops -fomit-frame-pointer -fno-tree-vectorize -MT dvbcsa_bs_transpose_stream.lo -MD -MP -MF .deps/dvbcsa_bs_transpose_stream.Tpo -c dvbcsa_bs_transpose_stream.c  -fPIC -DPIC -o .libs/dvbcsa_bs_transpose_stream.o
libtool: compile:  /opt/s3_ncam_bonecrew_test/support/toolchains/vuplus4k_armv7a/bin/armv7a-vuplus4k-linux-gnueabihf-gcc -DHAVE_CONFIG_H -I. -I.. -Wall -D_XOPEN_SOURCE=600 -mfpu=neon -O3 -funroll-loops -fomit-frame-pointer -fno-tree-vectorize -MT dvbcsa_block.lo -MD -MP -MF .deps/dvbcsa_block.Tpo -c dvbcsa_block.c -o dvbcsa_block.o >/dev/null 2>&1
libtool: compile:  /opt/s3_ncam_bonecrew_test/support/toolchains/vuplus4k_armv7a/bin/armv7a-vuplus4k-linux-gnueabihf-gcc -DHAVE_CONFIG_H -I. -I.. -Wall -D_XOPEN_SOURCE=600 -mfpu=neon -O3 -funroll-loops -fomit-frame-pointer -fno-tree-vectorize -MT dvbcsa_algo.lo -MD -MP -MF .deps/dvbcsa_algo.Tpo -c dvbcsa_algo.c -o dvbcsa_algo.o >/dev/null 2>&1
mv -f .deps/dvbcsa_block.Tpo .deps/dvbcsa_block.Plo
mv -f .deps/dvbcsa_algo.Tpo .deps/dvbcsa_algo.Plo
libtool: compile:  /opt/s3_ncam_bonecrew_test/support/toolchains/vuplus4k_armv7a/bin/armv7a-vuplus4k-linux-gnueabihf-gcc -DHAVE_CONFIG_H -I. -I.. -Wall -D_XOPEN_SOURCE=600 -mfpu=neon -O3 -funroll-loops -fomit-frame-pointer -fno-tree-vectorize -MT dvbcsa_bs_key.lo -MD -MP -MF .deps/dvbcsa_bs_key.Tpo -c dvbcsa_bs_key.c -o dvbcsa_bs_key.o >/dev/null 2>&1
libtool: compile:  /opt/s3_ncam_bonecrew_test/support/toolchains/vuplus4k_armv7a/bin/armv7a-vuplus4k-linux-gnueabihf-gcc -DHAVE_CONFIG_H -I. -I.. -Wall -D_XOPEN_SOURCE=600 -mfpu=neon -O3 -funroll-loops -fomit-frame-pointer -fno-tree-vectorize -MT dvbcsa_bs_algo.lo -MD -MP -MF .deps/dvbcsa_bs_algo.Tpo -c dvbcsa_bs_algo.c -o dvbcsa_bs_algo.o >/dev/null 2>&1
libtool: compile:  /opt/s3_ncam_bonecrew_test/support/toolchains/vuplus4k_armv7a/bin/armv7a-vuplus4k-linux-gnueabihf-gcc -DHAVE_CONFIG_H -I. -I.. -Wall -D_XOPEN_SOURCE=600 -mfpu=neon -O3 -funroll-loops -fomit-frame-pointer -fno-tree-vectorize -MT dvbcsa_key.lo -MD -MP -MF .deps/dvbcsa_key.Tpo -c dvbcsa_key.c -o dvbcsa_key.o >/dev/null 2>&1
libtool: compile:  /opt/s3_ncam_bonecrew_test/support/toolchains/vuplus4k_armv7a/bin/armv7a-vuplus4k-linux-gnueabihf-gcc -DHAVE_CONFIG_H -I. -I.. -Wall -D_XOPEN_SOURCE=600 -mfpu=neon -O3 -funroll-loops -fomit-frame-pointer -fno-tree-vectorize -MT dvbcsa_bs_transpose_stream.lo -MD -MP -MF .deps/dvbcsa_bs_transpose_stream.Tpo -c dvbcsa_bs_transpose_stream.c -o dvbcsa_bs_transpose_stream.o >/dev/null 2>&1
libtool: compile:  /opt/s3_ncam_bonecrew_test/support/toolchains/vuplus4k_armv7a/bin/armv7a-vuplus4k-linux-gnueabihf-gcc -DHAVE_CONFIG_H -I. -I.. -Wall -D_XOPEN_SOURCE=600 -mfpu=neon -O3 -funroll-loops -fomit-frame-pointer -fno-tree-vectorize -MT dvbcsa_bs_block.lo -MD -MP -MF .deps/dvbcsa_bs_block.Tpo -c dvbcsa_bs_block.c -o dvbcsa_bs_block.o >/dev/null 2>&1
mv -f .deps/dvbcsa_key.Tpo .deps/dvbcsa_key.Plo
mv -f .deps/dvbcsa_bs_algo.Tpo .deps/dvbcsa_bs_algo.Plo
libtool: compile:  /opt/s3_ncam_bonecrew_test/support/toolchains/vuplus4k_armv7a/bin/armv7a-vuplus4k-linux-gnueabihf-gcc -DHAVE_CONFIG_H -I. -I.. -Wall -D_XOPEN_SOURCE=600 -mfpu=neon -O3 -funroll-loops -fomit-frame-pointer -fno-tree-vectorize -MT dvbcsa_bs_transpose_block.lo -MD -MP -MF .deps/dvbcsa_bs_transpose_block.Tpo -c dvbcsa_bs_transpose_block.c -o dvbcsa_bs_transpose_block.o >/dev/null 2>&1
mv -f .deps/dvbcsa_bs_key.Tpo .deps/dvbcsa_bs_key.Plo
libtool: compile:  /opt/s3_ncam_bonecrew_test/support/toolchains/vuplus4k_armv7a/bin/armv7a-vuplus4k-linux-gnueabihf-gcc -DHAVE_CONFIG_H -I. -I.. -Wall -D_XOPEN_SOURCE=600 -mfpu=neon -O3 -funroll-loops -fomit-frame-pointer -fno-tree-vectorize -MT dvbcsa_stream.lo -MD -MP -MF .deps/dvbcsa_stream.Tpo -c dvbcsa_stream.c -o dvbcsa_stream.o >/dev/null 2>&1
mv -f .deps/dvbcsa_bs_transpose_stream.Tpo .deps/dvbcsa_bs_transpose_stream.Plo
libtool: compile:  /opt/s3_ncam_bonecrew_test/support/toolchains/vuplus4k_armv7a/bin/armv7a-vuplus4k-linux-gnueabihf-gcc -DHAVE_CONFIG_H -I. -I.. -Wall -D_XOPEN_SOURCE=600 -mfpu=neon -O3 -funroll-loops -fomit-frame-pointer -fno-tree-vectorize -MT dvbcsa_bs_stream.lo -MD -MP -MF .deps/dvbcsa_bs_stream.Tpo -c dvbcsa_bs_stream.c -o dvbcsa_bs_stream.o >/dev/null 2>&1
mv -f .deps/dvbcsa_bs_block.Tpo .deps/dvbcsa_bs_block.Plo
mv -f .deps/dvbcsa_bs_transpose_block.Tpo .deps/dvbcsa_bs_transpose_block.Plo
mv -f .deps/dvbcsa_stream.Tpo .deps/dvbcsa_stream.Plo
mv -f .deps/dvbcsa_bs_stream.Tpo .deps/dvbcsa_bs_stream.Plo
/bin/bash ../libtool  --tag=CC   --mode=link /opt/s3_ncam_bonecrew_test/support/toolchains/vuplus4k_armv7a/bin/armv7a-vuplus4k-linux-gnueabihf-gcc  -Wall  -D_XOPEN_SOURCE=600 -mfpu=neon -O3 -funroll-loops -fomit-frame-pointer -fno-tree-vectorize -version-number 1:1:0   -o libdvbcsa.la -rpath /opt/s3_ncam_bonecrew_test/support/toolchains/vuplus4k_armv7a/armv7a-vuplus4k-linux-gnueabihf/sysroot/usr/lib dvbcsa_algo.lo dvbcsa_block.lo dvbcsa_stream.lo dvbcsa_key.lo dvbcsa_bs_algo.lo dvbcsa_bs_block.lo dvbcsa_bs_stream.lo dvbcsa_bs_key.lo dvbcsa_bs_transpose_block.lo  dvbcsa_bs_transpose_stream.lo  
libtool: link: /opt/s3_ncam_bonecrew_test/support/toolchains/vuplus4k_armv7a/bin/armv7a-vuplus4k-linux-gnueabihf-gcc -shared  -fPIC -DPIC  .libs/dvbcsa_algo.o .libs/dvbcsa_block.o .libs/dvbcsa_stream.o .libs/dvbcsa_key.o .libs/dvbcsa_bs_algo.o .libs/dvbcsa_bs_block.o .libs/dvbcsa_bs_stream.o .libs/dvbcsa_bs_key.o .libs/dvbcsa_bs_transpose_block.o .libs/dvbcsa_bs_transpose_stream.o    -mfpu=neon -O3   -Wl,-soname -Wl,libdvbcsa.so.1 -o .libs/libdvbcsa.so.1.1.0
libtool: link: (cd ".libs" && rm -f "libdvbcsa.so.1" && ln -s "libdvbcsa.so.1.1.0" "libdvbcsa.so.1")
libtool: link: (cd ".libs" && rm -f "libdvbcsa.so" && ln -s "libdvbcsa.so.1.1.0" "libdvbcsa.so")
libtool: link: armv7a-vuplus4k-linux-gnueabihf-ar cr .libs/libdvbcsa.a  dvbcsa_algo.o dvbcsa_block.o dvbcsa_stream.o dvbcsa_key.o dvbcsa_bs_algo.o dvbcsa_bs_block.o dvbcsa_bs_stream.o dvbcsa_bs_key.o dvbcsa_bs_transpose_block.o dvbcsa_bs_transpose_stream.o
libtool: link: armv7a-vuplus4k-linux-gnueabihf-ranlib .libs/libdvbcsa.a
libtool: link: ( cd ".libs" && rm -f "libdvbcsa.la" && ln -s "../libdvbcsa.la" "libdvbcsa.la" )
make[3]: Verzeichnis „/tmp/lib_source/2025-05-07.175107/libdvbcsa-master/src“ wird verlassen
make[2]: Verzeichnis „/tmp/lib_source/2025-05-07.175107/libdvbcsa-master/src“ wird verlassen
Making all in test
make[2]: Verzeichnis „/tmp/lib_source/2025-05-07.175107/libdvbcsa-master/test“ wird betreten
/opt/s3_ncam_bonecrew_test/support/toolchains/vuplus4k_armv7a/bin/armv7a-vuplus4k-linux-gnueabihf-gcc -DHAVE_CONFIG_H -I. -I..    -I../src -Wall  -D_XOPEN_SOURCE=600 -mfpu=neon -O3 -funroll-loops -fomit-frame-pointer -fno-tree-vectorize -MT benchbitslice-benchbitslice.o -MD -MP -MF .deps/benchbitslice-benchbitslice.Tpo -c -o benchbitslice-benchbitslice.o `test -f 'benchbitslice.c' || echo './'`benchbitslice.c
/opt/s3_ncam_bonecrew_test/support/toolchains/vuplus4k_armv7a/bin/armv7a-vuplus4k-linux-gnueabihf-gcc -DHAVE_CONFIG_H -I. -I..    -I../src -Wall  -D_XOPEN_SOURCE=600 -mfpu=neon -O3 -funroll-loops -fomit-frame-pointer -fno-tree-vectorize -MT testbitslice-testbitslice.o -MD -MP -MF .deps/testbitslice-testbitslice.Tpo -c -o testbitslice-testbitslice.o `test -f 'testbitslice.c' || echo './'`testbitslice.c
/opt/s3_ncam_bonecrew_test/support/toolchains/vuplus4k_armv7a/bin/armv7a-vuplus4k-linux-gnueabihf-gcc -DHAVE_CONFIG_H -I. -I..    -I../src -Wall  -D_XOPEN_SOURCE=600 -mfpu=neon -O3 -funroll-loops -fomit-frame-pointer -fno-tree-vectorize -MT benchdec-benchdec.o -MD -MP -MF .deps/benchdec-benchdec.Tpo -c -o benchdec-benchdec.o `test -f 'benchdec.c' || echo './'`benchdec.c
/opt/s3_ncam_bonecrew_test/support/toolchains/vuplus4k_armv7a/bin/armv7a-vuplus4k-linux-gnueabihf-gcc -DHAVE_CONFIG_H -I. -I..    -I../src -Wall  -D_XOPEN_SOURCE=600 -mfpu=neon -O3 -funroll-loops -fomit-frame-pointer -fno-tree-vectorize -MT benchenc-benchenc.o -MD -MP -MF .deps/benchenc-benchenc.Tpo -c -o benchenc-benchenc.o `test -f 'benchenc.c' || echo './'`benchenc.c
/opt/s3_ncam_bonecrew_test/support/toolchains/vuplus4k_armv7a/bin/armv7a-vuplus4k-linux-gnueabihf-gcc -DHAVE_CONFIG_H -I. -I..    -I../src -Wall  -D_XOPEN_SOURCE=600 -mfpu=neon -O3 -funroll-loops -fomit-frame-pointer -fno-tree-vectorize -MT testdec-testdec.o -MD -MP -MF .deps/testdec-testdec.Tpo -c -o testdec-testdec.o `test -f 'testdec.c' || echo './'`testdec.c
/opt/s3_ncam_bonecrew_test/support/toolchains/vuplus4k_armv7a/bin/armv7a-vuplus4k-linux-gnueabihf-gcc -DHAVE_CONFIG_H -I. -I..    -I../src -Wall  -D_XOPEN_SOURCE=600 -mfpu=neon -O3 -funroll-loops -fomit-frame-pointer -fno-tree-vectorize -MT testenc-testenc.o -MD -MP -MF .deps/testenc-testenc.Tpo -c -o testenc-testenc.o `test -f 'testenc.c' || echo './'`testenc.c
/opt/s3_ncam_bonecrew_test/support/toolchains/vuplus4k_armv7a/bin/armv7a-vuplus4k-linux-gnueabihf-gcc -DHAVE_CONFIG_H -I. -I..    -I../src -Wall  -D_XOPEN_SOURCE=600 -mfpu=neon -O3 -funroll-loops -fomit-frame-pointer -fno-tree-vectorize -MT testbsops-testbsops.o -MD -MP -MF .deps/testbsops-testbsops.Tpo -c -o testbsops-testbsops.o `test -f 'testbsops.c' || echo './'`testbsops.c
/opt/s3_ncam_bonecrew_test/support/toolchains/vuplus4k_armv7a/bin/armv7a-vuplus4k-linux-gnueabihf-gcc -DHAVE_CONFIG_H -I. -I..    -I../src -Wall  -D_XOPEN_SOURCE=600 -mfpu=neon -O3 -funroll-loops -fomit-frame-pointer -fno-tree-vectorize -MT benchbitsliceks-benchbitsliceks.o -MD -MP -MF .deps/benchbitsliceks-benchbitsliceks.Tpo -c -o benchbitsliceks-benchbitsliceks.o `test -f 'benchbitsliceks.c' || echo './'`benchbitsliceks.c
/opt/s3_ncam_bonecrew_test/support/toolchains/vuplus4k_armv7a/bin/armv7a-vuplus4k-linux-gnueabihf-gcc -DHAVE_CONFIG_H -I. -I..    -I../src -Wall  -D_XOPEN_SOURCE=600 -mfpu=neon -O3 -funroll-loops -fomit-frame-pointer -fno-tree-vectorize -MT benchks-benchks.o -MD -MP -MF .deps/benchks-benchks.Tpo -c -o benchks-benchks.o `test -f 'benchks.c' || echo './'`benchks.c
mv -f .deps/testdec-testdec.Tpo .deps/testdec-testdec.Po
mv -f .deps/benchdec-benchdec.Tpo .deps/benchdec-benchdec.Po
/bin/bash ../libtool  --tag=CC   --mode=link /opt/s3_ncam_bonecrew_test/support/toolchains/vuplus4k_armv7a/bin/armv7a-vuplus4k-linux-gnueabihf-gcc -I../src -Wall  -D_XOPEN_SOURCE=600 -mfpu=neon -O3 -funroll-loops -fomit-frame-pointer -fno-tree-vectorize   -o testdec testdec-testdec.o ../src/libdvbcsa.la 
/bin/bash ../libtool  --tag=CC   --mode=link /opt/s3_ncam_bonecrew_test/support/toolchains/vuplus4k_armv7a/bin/armv7a-vuplus4k-linux-gnueabihf-gcc -I../src -Wall  -D_XOPEN_SOURCE=600 -mfpu=neon -O3 -funroll-loops -fomit-frame-pointer -fno-tree-vectorize   -o benchdec benchdec-benchdec.o ../src/libdvbcsa.la 
mv -f .deps/benchbitsliceks-benchbitsliceks.Tpo .deps/benchbitsliceks-benchbitsliceks.Po
mv -f .deps/benchks-benchks.Tpo .deps/benchks-benchks.Po
/bin/bash ../libtool  --tag=CC   --mode=link /opt/s3_ncam_bonecrew_test/support/toolchains/vuplus4k_armv7a/bin/armv7a-vuplus4k-linux-gnueabihf-gcc -I../src -Wall  -D_XOPEN_SOURCE=600 -mfpu=neon -O3 -funroll-loops -fomit-frame-pointer -fno-tree-vectorize   -o benchbitsliceks benchbitsliceks-benchbitsliceks.o ../src/libdvbcsa.la 
/bin/bash ../libtool  --tag=CC   --mode=link /opt/s3_ncam_bonecrew_test/support/toolchains/vuplus4k_armv7a/bin/armv7a-vuplus4k-linux-gnueabihf-gcc -I../src -Wall  -D_XOPEN_SOURCE=600 -mfpu=neon -O3 -funroll-loops -fomit-frame-pointer -fno-tree-vectorize   -o benchks benchks-benchks.o ../src/libdvbcsa.la 
mv -f .deps/testenc-testenc.Tpo .deps/testenc-testenc.Po
mv -f .deps/benchenc-benchenc.Tpo .deps/benchenc-benchenc.Po
/bin/bash ../libtool  --tag=CC   --mode=link /opt/s3_ncam_bonecrew_test/support/toolchains/vuplus4k_armv7a/bin/armv7a-vuplus4k-linux-gnueabihf-gcc -I../src -Wall  -D_XOPEN_SOURCE=600 -mfpu=neon -O3 -funroll-loops -fomit-frame-pointer -fno-tree-vectorize   -o testenc testenc-testenc.o ../src/libdvbcsa.la 
/bin/bash ../libtool  --tag=CC   --mode=link /opt/s3_ncam_bonecrew_test/support/toolchains/vuplus4k_armv7a/bin/armv7a-vuplus4k-linux-gnueabihf-gcc -I../src -Wall  -D_XOPEN_SOURCE=600 -mfpu=neon -O3 -funroll-loops -fomit-frame-pointer -fno-tree-vectorize   -o benchenc benchenc-benchenc.o ../src/libdvbcsa.la 
mv -f .deps/benchbitslice-benchbitslice.Tpo .deps/benchbitslice-benchbitslice.Po
/bin/bash ../libtool  --tag=CC   --mode=link /opt/s3_ncam_bonecrew_test/support/toolchains/vuplus4k_armv7a/bin/armv7a-vuplus4k-linux-gnueabihf-gcc -I../src -Wall  -D_XOPEN_SOURCE=600 -mfpu=neon -O3 -funroll-loops -fomit-frame-pointer -fno-tree-vectorize   -o benchbitslice benchbitslice-benchbitslice.o ../src/libdvbcsa.la 
libtool: link: /opt/s3_ncam_bonecrew_test/support/toolchains/vuplus4k_armv7a/bin/armv7a-vuplus4k-linux-gnueabihf-gcc -I../src -Wall -D_XOPEN_SOURCE=600 -mfpu=neon -O3 -funroll-loops -fomit-frame-pointer -fno-tree-vectorize -o .libs/testdec testdec-testdec.o  ../src/.libs/libdvbcsa.so -Wl,-rpath -Wl,/opt/s3_ncam_bonecrew_test/support/toolchains/vuplus4k_armv7a/armv7a-vuplus4k-linux-gnueabihf/sysroot/usr/lib
libtool: link: /opt/s3_ncam_bonecrew_test/support/toolchains/vuplus4k_armv7a/bin/armv7a-vuplus4k-linux-gnueabihf-gcc -I../src -Wall -D_XOPEN_SOURCE=600 -mfpu=neon -O3 -funroll-loops -fomit-frame-pointer -fno-tree-vectorize -o .libs/benchdec benchdec-benchdec.o  ../src/.libs/libdvbcsa.so -Wl,-rpath -Wl,/opt/s3_ncam_bonecrew_test/support/toolchains/vuplus4k_armv7a/armv7a-vuplus4k-linux-gnueabihf/sysroot/usr/lib
mv -f .deps/testbitslice-testbitslice.Tpo .deps/testbitslice-testbitslice.Po
/bin/bash ../libtool  --tag=CC   --mode=link /opt/s3_ncam_bonecrew_test/support/toolchains/vuplus4k_armv7a/bin/armv7a-vuplus4k-linux-gnueabihf-gcc -I../src -Wall  -D_XOPEN_SOURCE=600 -mfpu=neon -O3 -funroll-loops -fomit-frame-pointer -fno-tree-vectorize   -o testbitslice testbitslice-testbitslice.o ../src/libdvbcsa.la 
libtool: link: /opt/s3_ncam_bonecrew_test/support/toolchains/vuplus4k_armv7a/bin/armv7a-vuplus4k-linux-gnueabihf-gcc -I../src -Wall -D_XOPEN_SOURCE=600 -mfpu=neon -O3 -funroll-loops -fomit-frame-pointer -fno-tree-vectorize -o .libs/benchks benchks-benchks.o  ../src/.libs/libdvbcsa.so -Wl,-rpath -Wl,/opt/s3_ncam_bonecrew_test/support/toolchains/vuplus4k_armv7a/armv7a-vuplus4k-linux-gnueabihf/sysroot/usr/lib
libtool: link: /opt/s3_ncam_bonecrew_test/support/toolchains/vuplus4k_armv7a/bin/armv7a-vuplus4k-linux-gnueabihf-gcc -I../src -Wall -D_XOPEN_SOURCE=600 -mfpu=neon -O3 -funroll-loops -fomit-frame-pointer -fno-tree-vectorize -o .libs/benchbitsliceks benchbitsliceks-benchbitsliceks.o  ../src/.libs/libdvbcsa.so -Wl,-rpath -Wl,/opt/s3_ncam_bonecrew_test/support/toolchains/vuplus4k_armv7a/armv7a-vuplus4k-linux-gnueabihf/sysroot/usr/lib
libtool: link: /opt/s3_ncam_bonecrew_test/support/toolchains/vuplus4k_armv7a/bin/armv7a-vuplus4k-linux-gnueabihf-gcc -I../src -Wall -D_XOPEN_SOURCE=600 -mfpu=neon -O3 -funroll-loops -fomit-frame-pointer -fno-tree-vectorize -o .libs/benchenc benchenc-benchenc.o  ../src/.libs/libdvbcsa.so -Wl,-rpath -Wl,/opt/s3_ncam_bonecrew_test/support/toolchains/vuplus4k_armv7a/armv7a-vuplus4k-linux-gnueabihf/sysroot/usr/lib
libtool: link: /opt/s3_ncam_bonecrew_test/support/toolchains/vuplus4k_armv7a/bin/armv7a-vuplus4k-linux-gnueabihf-gcc -I../src -Wall -D_XOPEN_SOURCE=600 -mfpu=neon -O3 -funroll-loops -fomit-frame-pointer -fno-tree-vectorize -o .libs/testenc testenc-testenc.o  ../src/.libs/libdvbcsa.so -Wl,-rpath -Wl,/opt/s3_ncam_bonecrew_test/support/toolchains/vuplus4k_armv7a/armv7a-vuplus4k-linux-gnueabihf/sysroot/usr/lib
libtool: link: /opt/s3_ncam_bonecrew_test/support/toolchains/vuplus4k_armv7a/bin/armv7a-vuplus4k-linux-gnueabihf-gcc -I../src -Wall -D_XOPEN_SOURCE=600 -mfpu=neon -O3 -funroll-loops -fomit-frame-pointer -fno-tree-vectorize -o .libs/benchbitslice benchbitslice-benchbitslice.o  ../src/.libs/libdvbcsa.so -Wl,-rpath -Wl,/opt/s3_ncam_bonecrew_test/support/toolchains/vuplus4k_armv7a/armv7a-vuplus4k-linux-gnueabihf/sysroot/usr/lib
libtool: link: /opt/s3_ncam_bonecrew_test/support/toolchains/vuplus4k_armv7a/bin/armv7a-vuplus4k-linux-gnueabihf-gcc -I../src -Wall -D_XOPEN_SOURCE=600 -mfpu=neon -O3 -funroll-loops -fomit-frame-pointer -fno-tree-vectorize -o .libs/testbitslice testbitslice-testbitslice.o  ../src/.libs/libdvbcsa.so -Wl,-rpath -Wl,/opt/s3_ncam_bonecrew_test/support/toolchains/vuplus4k_armv7a/armv7a-vuplus4k-linux-gnueabihf/sysroot/usr/lib
mv -f .deps/testbsops-testbsops.Tpo .deps/testbsops-testbsops.Po
/bin/bash ../libtool  --tag=CC   --mode=link /opt/s3_ncam_bonecrew_test/support/toolchains/vuplus4k_armv7a/bin/armv7a-vuplus4k-linux-gnueabihf-gcc -I../src -Wall  -D_XOPEN_SOURCE=600 -mfpu=neon -O3 -funroll-loops -fomit-frame-pointer -fno-tree-vectorize   -o testbsops testbsops-testbsops.o ../src/libdvbcsa.la 
libtool: link: /opt/s3_ncam_bonecrew_test/support/toolchains/vuplus4k_armv7a/bin/armv7a-vuplus4k-linux-gnueabihf-gcc -I../src -Wall -D_XOPEN_SOURCE=600 -mfpu=neon -O3 -funroll-loops -fomit-frame-pointer -fno-tree-vectorize -o .libs/testbsops testbsops-testbsops.o  ../src/.libs/libdvbcsa.so -Wl,-rpath -Wl,/opt/s3_ncam_bonecrew_test/support/toolchains/vuplus4k_armv7a/armv7a-vuplus4k-linux-gnueabihf/sysroot/usr/lib
make[2]: Verzeichnis „/tmp/lib_source/2025-05-07.175107/libdvbcsa-master/test“ wird verlassen
make[2]: Verzeichnis „/tmp/lib_source/2025-05-07.175107/libdvbcsa-master“ wird betreten
make[2]: Verzeichnis „/tmp/lib_source/2025-05-07.175107/libdvbcsa-master“ wird verlassen
make[1]: Verzeichnis „/tmp/lib_source/2025-05-07.175107/libdvbcsa-master“ wird verlassen
Making install in src
make[1]: Verzeichnis „/tmp/lib_source/2025-05-07.175107/libdvbcsa-master/src“ wird betreten
Making install in dvbcsa
make[2]: Verzeichnis „/tmp/lib_source/2025-05-07.175107/libdvbcsa-master/src/dvbcsa“ wird betreten
make[3]: Verzeichnis „/tmp/lib_source/2025-05-07.175107/libdvbcsa-master/src/dvbcsa“ wird betreten
make[3]: Für das Ziel „install-exec-am“ ist nichts zu tun.
 /usr/bin/mkdir -p '/opt/s3_ncam_bonecrew_test/support/toolchains/vuplus4k_armv7a/armv7a-vuplus4k-linux-gnueabihf/sysroot/usr/include/dvbcsa'
 /usr/bin/install -c -m 644 dvbcsa.h '/opt/s3_ncam_bonecrew_test/support/toolchains/vuplus4k_armv7a/armv7a-vuplus4k-linux-gnueabihf/sysroot/usr/include/dvbcsa'
make[3]: Verzeichnis „/tmp/lib_source/2025-05-07.175107/libdvbcsa-master/src/dvbcsa“ wird verlassen
make[2]: Verzeichnis „/tmp/lib_source/2025-05-07.175107/libdvbcsa-master/src/dvbcsa“ wird verlassen
make[2]: Verzeichnis „/tmp/lib_source/2025-05-07.175107/libdvbcsa-master/src“ wird betreten
make[3]: Verzeichnis „/tmp/lib_source/2025-05-07.175107/libdvbcsa-master/src“ wird betreten
 /usr/bin/mkdir -p '/opt/s3_ncam_bonecrew_test/support/toolchains/vuplus4k_armv7a/armv7a-vuplus4k-linux-gnueabihf/sysroot/usr/lib'
 /bin/bash ../libtool   --mode=install /usr/bin/install -c   libdvbcsa.la '/opt/s3_ncam_bonecrew_test/support/toolchains/vuplus4k_armv7a/armv7a-vuplus4k-linux-gnueabihf/sysroot/usr/lib'
libtool: install: /usr/bin/install -c .libs/libdvbcsa.so.1.1.0 /opt/s3_ncam_bonecrew_test/support/toolchains/vuplus4k_armv7a/armv7a-vuplus4k-linux-gnueabihf/sysroot/usr/lib/libdvbcsa.so.1.1.0
libtool: install: (cd /opt/s3_ncam_bonecrew_test/support/toolchains/vuplus4k_armv7a/armv7a-vuplus4k-linux-gnueabihf/sysroot/usr/lib && { ln -s -f libdvbcsa.so.1.1.0 libdvbcsa.so.1 || { rm -f libdvbcsa.so.1 && ln -s libdvbcsa.so.1.1.0 libdvbcsa.so.1; }; })
libtool: install: (cd /opt/s3_ncam_bonecrew_test/support/toolchains/vuplus4k_armv7a/armv7a-vuplus4k-linux-gnueabihf/sysroot/usr/lib && { ln -s -f libdvbcsa.so.1.1.0 libdvbcsa.so || { rm -f libdvbcsa.so && ln -s libdvbcsa.so.1.1.0 libdvbcsa.so; }; })
libtool: install: /usr/bin/install -c .libs/libdvbcsa.lai /opt/s3_ncam_bonecrew_test/support/toolchains/vuplus4k_armv7a/armv7a-vuplus4k-linux-gnueabihf/sysroot/usr/lib/libdvbcsa.la
libtool: install: /usr/bin/install -c .libs/libdvbcsa.a /opt/s3_ncam_bonecrew_test/support/toolchains/vuplus4k_armv7a/armv7a-vuplus4k-linux-gnueabihf/sysroot/usr/lib/libdvbcsa.a
libtool: install: chmod 644 /opt/s3_ncam_bonecrew_test/support/toolchains/vuplus4k_armv7a/armv7a-vuplus4k-linux-gnueabihf/sysroot/usr/lib/libdvbcsa.a
libtool: install: armv7a-vuplus4k-linux-gnueabihf-ranlib /opt/s3_ncam_bonecrew_test/support/toolchains/vuplus4k_armv7a/armv7a-vuplus4k-linux-gnueabihf/sysroot/usr/lib/libdvbcsa.a
libtool: finish: PATH="/opt/s3_ncam_bonecrew_test/support/toolchains/vuplus4k_armv7a/bin:/usr/local/sbin:/usr/local/bin:/usr/sbin:/usr/bin:/sbin:/bin:/usr/games:/usr/local/games:/snap/bin:/sbin" ldconfig -n /opt/s3_ncam_bonecrew_test/support/toolchains/vuplus4k_armv7a/armv7a-vuplus4k-linux-gnueabihf/sysroot/usr/lib
----------------------------------------------------------------------
Libraries have been installed in:
   /opt/s3_ncam_bonecrew_test/support/toolchains/vuplus4k_armv7a/armv7a-vuplus4k-linux-gnueabihf/sysroot/usr/lib

If you ever happen to want to link against installed libraries
in a given directory, LIBDIR, you must either use libtool, and
specify the full pathname of the library, or use the '-LLIBDIR'
flag during linking and do at least one of the following:
   - add LIBDIR to the 'LD_LIBRARY_PATH' environment variable
     during execution
   - add LIBDIR to the 'LD_RUN_PATH' environment variable
     during linking
   - use the '-Wl,-rpath -Wl,LIBDIR' linker flag
   - have your system administrator add LIBDIR to '/etc/ld.so.conf'

See any operating system documentation about shared libraries for
more information, such as the ld(1) and ld.so(8) manual pages.
----------------------------------------------------------------------
make[3]: Für das Ziel „install-data-am“ ist nichts zu tun.
make[3]: Verzeichnis „/tmp/lib_source/2025-05-07.175107/libdvbcsa-master/src“ wird verlassen
make[2]: Verzeichnis „/tmp/lib_source/2025-05-07.175107/libdvbcsa-master/src“ wird verlassen
make[1]: Verzeichnis „/tmp/lib_source/2025-05-07.175107/libdvbcsa-master/src“ wird verlassen
Making install in test
make[1]: Verzeichnis „/tmp/lib_source/2025-05-07.175107/libdvbcsa-master/test“ wird betreten
make[2]: Verzeichnis „/tmp/lib_source/2025-05-07.175107/libdvbcsa-master/test“ wird betreten
make[2]: Für das Ziel „install-exec-am“ ist nichts zu tun.
make[2]: Für das Ziel „install-data-am“ ist nichts zu tun.
make[2]: Verzeichnis „/tmp/lib_source/2025-05-07.175107/libdvbcsa-master/test“ wird verlassen
make[1]: Verzeichnis „/tmp/lib_source/2025-05-07.175107/libdvbcsa-master/test“ wird verlassen
make[1]: Verzeichnis „/tmp/lib_source/2025-05-07.175107/libdvbcsa-master“ wird betreten
make[2]: Verzeichnis „/tmp/lib_source/2025-05-07.175107/libdvbcsa-master“ wird betreten
make[2]: Für das Ziel „install-exec-am“ ist nichts zu tun.
make[2]: Für das Ziel „install-data-am“ ist nichts zu tun.
make[2]: Verzeichnis „/tmp/lib_source/2025-05-07.175107/libdvbcsa-master“ wird verlassen
make[1]: Verzeichnis „/tmp/lib_source/2025-05-07.175107/libdvbcsa-master“ wird verlassen
updating: libdvbcsa-1.1.0-128-neon/ (stored 0%)
updating: libdvbcsa-1.1.0-128-neon/libdvbcsa.so.1 (stored 0%)
updating: libdvbcsa-1.1.0-128-neon/libdvbcsa.so.1.1.0 (deflated 48%)
updating: libdvbcsa-1.1.0-128-neon/libdvbcsa.so (stored 0%)
