Plugin s3.TUP v0.26.2 - Aktualisierung Bibliothek Log - 2025-05-07 17:53:08
================================================================================
Befehlszeilen zum Erstellen von (3/7) vuplus4k_armv7a: Bibliothek libusb 1.0.28:
================================================================================
cd /tmp/lib_source/2025-05-07.175107/libusb-1.0.28/;
export TOOLCHAIN=/opt/s3_ncam_bonecrew_test/support/toolchains/vuplus4k_armv7a;
export PATH="$TOOLCHAIN/bin:$PATH";
[ -n "" ] && export CFLAGS="" || export CFLAGS="-fPIC";
export CC=/opt/s3_ncam_bonecrew_test/support/toolchains/vuplus4k_armv7a/bin/armv7a-vuplus4k-linux-gnueabihf-gcc;
[ "ct-ng" == "android-ndk" ] && export ANDROID_NDK="/opt/s3_ncam_bonecrew_test/support/toolchains/vuplus4k_armv7a";
[ "ct-ng" == "android-ndk" ] && cp -f "android/config.h" "./config.h";
[ "ct-ng" == "android-ndk" ] && FLAGS="--enable-static --disable-shared --disable-udev --enable-gcc-hardening" || FLAGS="--disable-udev --enable-gcc-hardening";
./configure --prefix=/opt/s3_ncam_bonecrew_test/support/toolchains/vuplus4k_armv7a/armv7a-vuplus4k-linux-gnueabihf/sysroot/usr --host=armv7a-vuplus4k-linux-gnueabihf $FLAGS;
make -j12;
make install;
[ "ct-ng" == "android-ndk" ] && find "/opt/s3_ncam_bonecrew_test/support/toolchains/vuplus4k_armv7a/armv7a-vuplus4k-linux-gnueabihf/sysroot/usr/lib/" -maxdepth 1 -name "libusb-1.0.*" -execdir ln -frs "/opt/s3_ncam_bonecrew_test/support/toolchains/vuplus4k_armv7a/armv7a-vuplus4k-linux-gnueabihf/sysroot/usr/lib/{}" "/opt/s3_ncam_bonecrew_test/support/toolchains/vuplus4k_armv7a/armv7a-vuplus4k-linux-gnueabihf/sysroot/usr/lib/armv7a-vuplus4k-linux-gnueabihf//{}" \; || true;
mkdir "${LIB_USB_name}-${LIB_USB_version}" && find "/opt/s3_ncam_bonecrew_test/support/toolchains/vuplus4k_armv7a/armv7a-vuplus4k-linux-gnueabihf/sysroot/usr" -maxdepth 2 -name "libusb-1.0.so*" -exec cp -af "{}" "${LIB_USB_name}-${LIB_USB_version}" \; && zip -9yr "$bdir/${TOOLCHAIN##*/}-libs.zip" "${LIB_USB_name}-${LIB_USB_version}";
================================================================================
configure: WARNING: unrecognized options: --enable-gcc-hardening
checking for armv7a-vuplus4k-linux-gnueabihf-gcc... /opt/s3_ncam_bonecrew_test/support/toolchains/vuplus4k_armv7a/bin/armv7a-vuplus4k-linux-gnueabihf-gcc
checking whether the C compiler works... yes
checking for C compiler default output file name... a.out
checking for suffix of executables... 
checking whether we are cross compiling... yes
checking for suffix of object files... o
checking whether the compiler supports GNU C... yes
checking whether /opt/s3_ncam_bonecrew_test/support/toolchains/vuplus4k_armv7a/bin/armv7a-vuplus4k-linux-gnueabihf-gcc accepts -g... yes
checking for /opt/s3_ncam_bonecrew_test/support/toolchains/vuplus4k_armv7a/bin/armv7a-vuplus4k-linux-gnueabihf-gcc option to enable C11 features... none needed
checking whether /opt/s3_ncam_bonecrew_test/support/toolchains/vuplus4k_armv7a/bin/armv7a-vuplus4k-linux-gnueabihf-gcc understands -c and -o together... yes
checking for armv7a-vuplus4k-linux-gnueabihf-g++... armv7a-vuplus4k-linux-gnueabihf-g++
checking whether the compiler supports GNU C++... yes
checking whether armv7a-vuplus4k-linux-gnueabihf-g++ accepts -g... yes
checking for armv7a-vuplus4k-linux-gnueabihf-g++ option to enable C++11 features... none needed
checking for inline... inline
checking for a BSD-compatible install... /usr/bin/install -c
checking whether sleep supports fractional seconds... yes
checking filesystem timestamp resolution... 0.01
checking whether build environment is sane... yes
checking for armv7a-vuplus4k-linux-gnueabihf-strip... armv7a-vuplus4k-linux-gnueabihf-strip
checking for a race-free mkdir -p... /usr/bin/mkdir -p
checking for gawk... gawk
checking whether make sets $(MAKE)... yes
checking whether make supports the include directive... yes (GNU style)
checking whether make supports nested variables... yes
checking xargs -n works... yes
checking dependency style of /opt/s3_ncam_bonecrew_test/support/toolchains/vuplus4k_armv7a/bin/armv7a-vuplus4k-linux-gnueabihf-gcc... gcc3
checking dependency style of armv7a-vuplus4k-linux-gnueabihf-g++... gcc3
checking build system type... x86_64-pc-linux-gnu
checking host system type... armv7a-vuplus4k-linux-gnueabihf
checking how to print strings... printf
checking for a sed that does not truncate output... /usr/bin/sed
checking for grep that handles long lines and -e... /usr/bin/grep
checking for egrep... /usr/bin/grep -E
checking for fgrep... /usr/bin/grep -F
checking for ld used by /opt/s3_ncam_bonecrew_test/support/toolchains/vuplus4k_armv7a/bin/armv7a-vuplus4k-linux-gnueabihf-gcc... /opt/s3_ncam_bonecrew_test/support/toolchains/vuplus4k_armv7a/armv7a-vuplus4k-linux-gnueabihf/bin/ld
checking if the linker (/opt/s3_ncam_bonecrew_test/support/toolchains/vuplus4k_armv7a/armv7a-vuplus4k-linux-gnueabihf/bin/ld) is GNU ld... yes
checking for BSD- or MS-compatible name lister (nm)... /opt/s3_ncam_bonecrew_test/support/toolchains/vuplus4k_armv7a/bin/armv7a-vuplus4k-linux-gnueabihf-nm -B
checking the name lister (/opt/s3_ncam_bonecrew_test/support/toolchains/vuplus4k_armv7a/bin/armv7a-vuplus4k-linux-gnueabihf-nm -B) interface... BSD nm
checking whether ln -s works... yes
checking the maximum length of command line arguments... 1572864
checking how to convert x86_64-pc-linux-gnu file names to armv7a-vuplus4k-linux-gnueabihf format... func_convert_file_noop
checking how to convert x86_64-pc-linux-gnu file names to toolchain format... func_convert_file_noop
checking for /opt/s3_ncam_bonecrew_test/support/toolchains/vuplus4k_armv7a/armv7a-vuplus4k-linux-gnueabihf/bin/ld option to reload object files... -r
checking for file... file
checking for armv7a-vuplus4k-linux-gnueabihf-objdump... armv7a-vuplus4k-linux-gnueabihf-objdump
checking how to recognize dependent libraries... pass_all
checking for armv7a-vuplus4k-linux-gnueabihf-dlltool... no
checking for dlltool... no
checking how to associate runtime and link libraries... printf %s\n
checking for armv7a-vuplus4k-linux-gnueabihf-ranlib... armv7a-vuplus4k-linux-gnueabihf-ranlib
checking for armv7a-vuplus4k-linux-gnueabihf-ar... armv7a-vuplus4k-linux-gnueabihf-ar
checking for archiver @FILE support... @
checking for armv7a-vuplus4k-linux-gnueabihf-strip... (cached) armv7a-vuplus4k-linux-gnueabihf-strip
checking command to parse /opt/s3_ncam_bonecrew_test/support/toolchains/vuplus4k_armv7a/bin/armv7a-vuplus4k-linux-gnueabihf-nm -B output from /opt/s3_ncam_bonecrew_test/support/toolchains/vuplus4k_armv7a/bin/armv7a-vuplus4k-linux-gnueabihf-gcc object... ok
checking for sysroot... no
checking for a working dd... /usr/bin/dd
checking how to truncate binary pipes... /usr/bin/dd bs=4096 count=1
checking for armv7a-vuplus4k-linux-gnueabihf-mt... no
checking for mt... mt
configure: WARNING: using cross tools not prefixed with host triplet
checking if mt is a manifest tool... no
checking for stdio.h... yes
checking for stdlib.h... yes
checking for string.h... yes
checking for inttypes.h... yes
checking for stdint.h... yes
checking for strings.h... yes
checking for sys/stat.h... yes
checking for sys/types.h... yes
checking for unistd.h... yes
checking for dlfcn.h... yes
checking for objdir... .libs
checking if /opt/s3_ncam_bonecrew_test/support/toolchains/vuplus4k_armv7a/bin/armv7a-vuplus4k-linux-gnueabihf-gcc supports -fno-rtti -fno-exceptions... no
checking for /opt/s3_ncam_bonecrew_test/support/toolchains/vuplus4k_armv7a/bin/armv7a-vuplus4k-linux-gnueabihf-gcc option to produce PIC... -fPIC -DPIC
checking if /opt/s3_ncam_bonecrew_test/support/toolchains/vuplus4k_armv7a/bin/armv7a-vuplus4k-linux-gnueabihf-gcc PIC flag -fPIC -DPIC works... yes
checking if /opt/s3_ncam_bonecrew_test/support/toolchains/vuplus4k_armv7a/bin/armv7a-vuplus4k-linux-gnueabihf-gcc static flag -static works... yes
checking if /opt/s3_ncam_bonecrew_test/support/toolchains/vuplus4k_armv7a/bin/armv7a-vuplus4k-linux-gnueabihf-gcc supports -c -o file.o... yes
checking if /opt/s3_ncam_bonecrew_test/support/toolchains/vuplus4k_armv7a/bin/armv7a-vuplus4k-linux-gnueabihf-gcc supports -c -o file.o... (cached) yes
checking whether the /opt/s3_ncam_bonecrew_test/support/toolchains/vuplus4k_armv7a/bin/armv7a-vuplus4k-linux-gnueabihf-gcc linker (/opt/s3_ncam_bonecrew_test/support/toolchains/vuplus4k_armv7a/armv7a-vuplus4k-linux-gnueabihf/bin/ld) supports shared libraries... yes
checking whether -lc should be explicitly linked in... no
checking dynamic linker characteristics... GNU/Linux ld.so
checking how to hardcode library paths into programs... immediate
checking whether stripping libraries is possible... yes
checking if libtool supports shared libraries... yes
checking whether to build shared libraries... yes
checking whether to build static libraries... yes
checking how to run the C++ preprocessor... armv7a-vuplus4k-linux-gnueabihf-g++ -E
checking for ld used by armv7a-vuplus4k-linux-gnueabihf-g++... /opt/s3_ncam_bonecrew_test/support/toolchains/vuplus4k_armv7a/armv7a-vuplus4k-linux-gnueabihf/bin/ld
checking if the linker (/opt/s3_ncam_bonecrew_test/support/toolchains/vuplus4k_armv7a/armv7a-vuplus4k-linux-gnueabihf/bin/ld) is GNU ld... yes
checking whether the armv7a-vuplus4k-linux-gnueabihf-g++ linker (/opt/s3_ncam_bonecrew_test/support/toolchains/vuplus4k_armv7a/armv7a-vuplus4k-linux-gnueabihf/bin/ld) supports shared libraries... yes
checking for armv7a-vuplus4k-linux-gnueabihf-g++ option to produce PIC... -fPIC -DPIC
checking if armv7a-vuplus4k-linux-gnueabihf-g++ PIC flag -fPIC -DPIC works... yes
checking if armv7a-vuplus4k-linux-gnueabihf-g++ static flag -static works... yes
checking if armv7a-vuplus4k-linux-gnueabihf-g++ supports -c -o file.o... yes
checking if armv7a-vuplus4k-linux-gnueabihf-g++ supports -c -o file.o... (cached) yes
checking whether the armv7a-vuplus4k-linux-gnueabihf-g++ linker (/opt/s3_ncam_bonecrew_test/support/toolchains/vuplus4k_armv7a/armv7a-vuplus4k-linux-gnueabihf/bin/ld) supports shared libraries... yes
checking dynamic linker characteristics... (cached) GNU/Linux ld.so
checking how to hardcode library paths into programs... immediate
checking for armv7a-vuplus4k-linux-gnueabihf-windres... no
checking for windres... no
checking if /opt/s3_ncam_bonecrew_test/support/toolchains/vuplus4k_armv7a/bin/armv7a-vuplus4k-linux-gnueabihf-gcc supports -std=gnu11... yes
checking operating system... Linux
checking for nfds_t... yes
checking for pipe2... yes
checking if /opt/s3_ncam_bonecrew_test/support/toolchains/vuplus4k_armv7a/bin/armv7a-vuplus4k-linux-gnueabihf-gcc recognizes -pthread... yes
checking for library containing pthread_create... -lpthread
checking whether __atomic_load_n is supported... yes
checking for library containing clock_gettime... none required
checking for pthread_setname_np... yes
checking for asm/types.h... yes
checking for linux/netlink.h... yes
checking for sys/socket.h... yes
checking for sys/time.h... yes
checking for clock_gettime... yes
checking for /opt/s3_ncam_bonecrew_test/support/toolchains/vuplus4k_armv7a/bin/armv7a-vuplus4k-linux-gnueabihf-gcc options needed to detect all undeclared functions... none needed
checking whether CLOCK_MONOTONIC is declared... yes
checking for pthread_condattr_setclock... yes
checking for sys/eventfd.h... yes
checking whether EFD_NONBLOCK is declared... yes
checking whether EFD_CLOEXEC is declared... yes
checking for eventfd... yes
checking whether to use eventfd for signalling... yes
checking for sys/timerfd.h... yes
checking whether TFD_NONBLOCK is declared... yes
checking whether TFD_CLOEXEC is declared... yes
checking for timerfd_create... yes
checking whether to use timerfd for timing... yes
checking that generated files are newer than configure... done
configure: creating ./config.status
config.status: creating libusb-1.0.pc
config.status: creating Makefile
config.status: creating libusb/Makefile
config.status: creating examples/Makefile
config.status: creating tests/Makefile
config.status: creating doc/Makefile
config.status: creating doc/doxygen.cfg
config.status: creating config.h
config.status: executing depfiles commands
config.status: executing libtool commands
configure: WARNING: unrecognized options: --enable-gcc-hardening
make  all-recursive
make[1]: Verzeichnis „/tmp/lib_source/2025-05-07.175107/libusb-1.0.28“ wird betreten
Making all in libusb
make[2]: Verzeichnis „/tmp/lib_source/2025-05-07.175107/libusb-1.0.28/libusb“ wird betreten
  CC       core.lo
  CC       descriptor.lo
  CC       hotplug.lo
  CC       io.lo
  CC       strerror.lo
  CC       sync.lo
  CC       os/events_posix.lo
  CC       os/threads_posix.lo
  CC       os/linux_usbfs.lo
  CC       os/linux_netlink.lo
  CCLD     libusb-1.0.la
make[2]: Verzeichnis „/tmp/lib_source/2025-05-07.175107/libusb-1.0.28/libusb“ wird verlassen
make[2]: Verzeichnis „/tmp/lib_source/2025-05-07.175107/libusb-1.0.28“ wird betreten
make[2]: Verzeichnis „/tmp/lib_source/2025-05-07.175107/libusb-1.0.28“ wird verlassen
make[1]: Verzeichnis „/tmp/lib_source/2025-05-07.175107/libusb-1.0.28“ wird verlassen
Making install in libusb
make[1]: Verzeichnis „/tmp/lib_source/2025-05-07.175107/libusb-1.0.28/libusb“ wird betreten
make[2]: Verzeichnis „/tmp/lib_source/2025-05-07.175107/libusb-1.0.28/libusb“ wird betreten
 /usr/bin/mkdir -p '/opt/s3_ncam_bonecrew_test/support/toolchains/vuplus4k_armv7a/armv7a-vuplus4k-linux-gnueabihf/sysroot/usr/lib'
 /bin/bash ../libtool   --mode=install /usr/bin/install -c   libusb-1.0.la '/opt/s3_ncam_bonecrew_test/support/toolchains/vuplus4k_armv7a/armv7a-vuplus4k-linux-gnueabihf/sysroot/usr/lib'
libtool: install: /usr/bin/install -c .libs/libusb-1.0.so.0.5.0 /opt/s3_ncam_bonecrew_test/support/toolchains/vuplus4k_armv7a/armv7a-vuplus4k-linux-gnueabihf/sysroot/usr/lib/libusb-1.0.so.0.5.0
libtool: install: (cd /opt/s3_ncam_bonecrew_test/support/toolchains/vuplus4k_armv7a/armv7a-vuplus4k-linux-gnueabihf/sysroot/usr/lib && { ln -s -f libusb-1.0.so.0.5.0 libusb-1.0.so.0 || { rm -f libusb-1.0.so.0 && ln -s libusb-1.0.so.0.5.0 libusb-1.0.so.0; }; })
libtool: install: (cd /opt/s3_ncam_bonecrew_test/support/toolchains/vuplus4k_armv7a/armv7a-vuplus4k-linux-gnueabihf/sysroot/usr/lib && { ln -s -f libusb-1.0.so.0.5.0 libusb-1.0.so || { rm -f libusb-1.0.so && ln -s libusb-1.0.so.0.5.0 libusb-1.0.so; }; })
libtool: install: /usr/bin/install -c .libs/libusb-1.0.lai /opt/s3_ncam_bonecrew_test/support/toolchains/vuplus4k_armv7a/armv7a-vuplus4k-linux-gnueabihf/sysroot/usr/lib/libusb-1.0.la
libtool: install: /usr/bin/install -c .libs/libusb-1.0.a /opt/s3_ncam_bonecrew_test/support/toolchains/vuplus4k_armv7a/armv7a-vuplus4k-linux-gnueabihf/sysroot/usr/lib/libusb-1.0.a
libtool: install: chmod 644 /opt/s3_ncam_bonecrew_test/support/toolchains/vuplus4k_armv7a/armv7a-vuplus4k-linux-gnueabihf/sysroot/usr/lib/libusb-1.0.a
libtool: install: armv7a-vuplus4k-linux-gnueabihf-ranlib /opt/s3_ncam_bonecrew_test/support/toolchains/vuplus4k_armv7a/armv7a-vuplus4k-linux-gnueabihf/sysroot/usr/lib/libusb-1.0.a
libtool: finish: PATH="/opt/s3_ncam_bonecrew_test/support/toolchains/vuplus4k_armv7a/bin:/usr/local/sbin:/usr/local/bin:/usr/sbin:/usr/bin:/sbin:/bin:/usr/games:/usr/local/games:/snap/bin:/sbin" ldconfig -n /opt/s3_ncam_bonecrew_test/support/toolchains/vuplus4k_armv7a/armv7a-vuplus4k-linux-gnueabihf/sysroot/usr/lib
----------------------------------------------------------------------
Libraries have been installed in:
   /opt/s3_ncam_bonecrew_test/support/toolchains/vuplus4k_armv7a/armv7a-vuplus4k-linux-gnueabihf/sysroot/usr/lib

If you ever happen to want to link against installed libraries
in a given directory, LIBDIR, you must either use libtool, and
specify the full pathname of the library, or use the '-LLIBDIR'
flag during linking and do at least one of the following:
   - add LIBDIR to the 'LD_LIBRARY_PATH' environment variable
     during execution
   - add LIBDIR to the 'LD_RUN_PATH' environment variable
     during linking
   - use the '-Wl,-rpath -Wl,LIBDIR' linker flag
   - have your system administrator add LIBDIR to '/etc/ld.so.conf'

See any operating system documentation about shared libraries for
more information, such as the ld(1) and ld.so(8) manual pages.
----------------------------------------------------------------------
 /usr/bin/mkdir -p '/opt/s3_ncam_bonecrew_test/support/toolchains/vuplus4k_armv7a/armv7a-vuplus4k-linux-gnueabihf/sysroot/usr/include/libusb-1.0'
 /usr/bin/install -c -m 644 libusb.h '/opt/s3_ncam_bonecrew_test/support/toolchains/vuplus4k_armv7a/armv7a-vuplus4k-linux-gnueabihf/sysroot/usr/include/libusb-1.0'
make[2]: Verzeichnis „/tmp/lib_source/2025-05-07.175107/libusb-1.0.28/libusb“ wird verlassen
make[1]: Verzeichnis „/tmp/lib_source/2025-05-07.175107/libusb-1.0.28/libusb“ wird verlassen
make[1]: Verzeichnis „/tmp/lib_source/2025-05-07.175107/libusb-1.0.28“ wird betreten
make[2]: Verzeichnis „/tmp/lib_source/2025-05-07.175107/libusb-1.0.28“ wird betreten
make[2]: Für das Ziel „install-exec-am“ ist nichts zu tun.
 /usr/bin/mkdir -p '/opt/s3_ncam_bonecrew_test/support/toolchains/vuplus4k_armv7a/armv7a-vuplus4k-linux-gnueabihf/sysroot/usr/lib/pkgconfig'
 /usr/bin/install -c -m 644 libusb-1.0.pc '/opt/s3_ncam_bonecrew_test/support/toolchains/vuplus4k_armv7a/armv7a-vuplus4k-linux-gnueabihf/sysroot/usr/lib/pkgconfig'
make[2]: Verzeichnis „/tmp/lib_source/2025-05-07.175107/libusb-1.0.28“ wird verlassen
make[1]: Verzeichnis „/tmp/lib_source/2025-05-07.175107/libusb-1.0.28“ wird verlassen
  adding: libusb-1.0.28/ (stored 0%)
  adding: libusb-1.0.28/libusb-1.0.so.0 (stored 0%)
  adding: libusb-1.0.28/libusb-1.0.so.0.4.0 (deflated 66%)
  adding: libusb-1.0.28/libusb-1.0.so.0.5.0 (deflated 67%)
  adding: libusb-1.0.28/libusb-1.0.so (stored 0%)
